2020-01-30 12:10:08.375  INFO 10604 --- [main] c.p.moovsmart.MoovsmartApplication       : Starting MoovsmartApplication on DESKTOP-3LHL7G4 with PID 10604 (C:\Users\zolta\IdeaProjects\mainProject\angular-moovsmart\target\classes started by zolta in C:\Users\zolta\IdeaProjects\mainProject\angular-moovsmart)
2020-01-30 12:10:08.376 DEBUG 10604 --- [main] c.p.moovsmart.MoovsmartApplication       : Running with Spring Boot v2.2.2.RELEASE, Spring v5.2.2.RELEASE
2020-01-30 12:10:08.376  INFO 10604 --- [main] c.p.moovsmart.MoovsmartApplication       : No active profile set, falling back to default profiles: default
2020-01-30 12:10:09.484  INFO 10604 --- [main] .s.d.r.c.RepositoryConfigurationDelegate : Bootstrapping Spring Data JPA repositories in DEFAULT mode.
2020-01-30 12:10:09.587  INFO 10604 --- [main] .s.d.r.c.RepositoryConfigurationDelegate : Finished Spring Data repository scanning in 93ms. Found 3 JPA repository interfaces.
2020-01-30 12:10:09.940  INFO 10604 --- [main] trationDelegate$BeanPostProcessorChecker : Bean 'org.springframework.transaction.annotation.ProxyTransactionManagementConfiguration' of type [org.springframework.transaction.annotation.ProxyTransactionManagementConfiguration] is not eligible for getting processed by all BeanPostProcessors (for example: not eligible for auto-proxying)
2020-01-30 12:10:10.235  INFO 10604 --- [main] o.s.b.w.embedded.tomcat.TomcatWebServer  : Tomcat initialized with port(s): 8080 (http)
2020-01-30 12:10:10.245  INFO 10604 --- [main] o.apache.catalina.core.StandardService   : Starting service [Tomcat]
2020-01-30 12:10:10.246  INFO 10604 --- [main] org.apache.catalina.core.StandardEngine  : Starting Servlet engine: [Apache Tomcat/9.0.29]
2020-01-30 12:10:10.430  INFO 10604 --- [main] o.a.c.c.C.[Tomcat].[localhost].[/]       : Initializing Spring embedded WebApplicationContext
2020-01-30 12:10:10.431  INFO 10604 --- [main] o.s.web.context.ContextLoader            : Root WebApplicationContext: initialization completed in 1997 ms
2020-01-30 12:10:10.936  INFO 10604 --- [main] com.zaxxer.hikari.HikariDataSource       : HikariPool-1 - Starting...
2020-01-30 12:10:11.342  INFO 10604 --- [main] com.zaxxer.hikari.HikariDataSource       : HikariPool-1 - Start completed.
2020-01-30 12:10:12.208  INFO 10604 --- [main] j.LocalContainerEntityManagerFactoryBean : Initialized JPA EntityManagerFactory for persistence unit 'default'
2020-01-30 12:10:12.264  WARN 10604 --- [main] JpaBaseConfiguration$JpaWebConfiguration : spring.jpa.open-in-view is enabled by default. Therefore, database queries may be performed during view rendering. Explicitly configure spring.jpa.open-in-view to disable this warning
2020-01-30 12:10:12.849 DEBUG 10604 --- [main] edFilterInvocationSecurityMetadataSource : Adding web access control expression 'hasRole('ROLE_ADMIN')', for Ant [pattern='/api/properties/admin']
2020-01-30 12:10:12.852 DEBUG 10604 --- [main] edFilterInvocationSecurityMetadataSource : Adding web access control expression 'hasRole('ROLE_ADMIN')', for Ant [pattern='/api/properties/admin/**']
2020-01-30 12:10:12.853 DEBUG 10604 --- [main] edFilterInvocationSecurityMetadataSource : Adding web access control expression 'hasAnyRole('ROLE_USER','ROLE_ADMIN')', for Ant [pattern='/api/properties/authUser']
2020-01-30 12:10:12.853 DEBUG 10604 --- [main] edFilterInvocationSecurityMetadataSource : Adding web access control expression 'hasAnyRole('ROLE_USER','ROLE_ADMIN')', for Ant [pattern='/api/properties/authUser/**']
2020-01-30 12:10:12.853 DEBUG 10604 --- [main] edFilterInvocationSecurityMetadataSource : Adding web access control expression 'permitAll', for Ant [pattern='/**']
2020-01-30 12:10:12.854 DEBUG 10604 --- [main] edFilterInvocationSecurityMetadataSource : Adding web access control expression 'authenticated', for any request
2020-01-30 12:10:12.854 DEBUG 10604 --- [main] o.s.s.w.a.i.FilterSecurityInterceptor    : Validated configuration attributes
2020-01-30 12:10:12.858 DEBUG 10604 --- [main] o.s.s.w.a.i.FilterSecurityInterceptor    : Validated configuration attributes
2020-01-30 12:10:12.859  INFO 10604 --- [main] o.s.s.web.DefaultSecurityFilterChain     : Creating filter chain: any request, [org.springframework.security.web.context.request.async.WebAsyncManagerIntegrationFilter@4cbb11e4, org.springframework.security.web.context.SecurityContextPersistenceFilter@30811f91, org.springframework.security.web.header.HeaderWriterFilter@531bec12, org.springframework.web.filter.CorsFilter@326dbe25, org.springframework.security.web.authentication.logout.LogoutFilter@58ca6ba3, org.springframework.security.web.authentication.www.BasicAuthenticationFilter@5c03eb4e, org.springframework.security.web.savedrequest.RequestCacheAwareFilter@665f88e1, org.springframework.security.web.servletapi.SecurityContextHolderAwareRequestFilter@1b26fac2, org.springframework.security.web.authentication.AnonymousAuthenticationFilter@647aa45c, org.springframework.security.web.session.SessionManagementFilter@2d5e051e, org.springframework.security.web.access.ExceptionTranslationFilter@74c23525, org.springframework.security.web.access.intercept.FilterSecurityInterceptor@392ef4ff]
2020-01-30 12:10:12.957  INFO 10604 --- [main] o.s.s.concurrent.ThreadPoolTaskExecutor  : Initializing ExecutorService 'applicationTaskExecutor'
2020-01-30 12:10:13.013  INFO 10604 --- [main] o.s.b.a.w.s.WelcomePageHandlerMapping    : Adding welcome page: class path resource [META-INF/resources/index.html]
2020-01-30 12:10:13.078  INFO 10604 --- [main] o.s.s.c.ThreadPoolTaskScheduler          : Initializing ExecutorService 'taskScheduler'
2020-01-30 12:10:13.150  INFO 10604 --- [main] o.s.b.w.embedded.tomcat.TomcatWebServer  : Tomcat started on port(s): 8080 (http) with context path ''
2020-01-30 12:10:13.155  INFO 10604 --- [main] c.p.moovsmart.MoovsmartApplication       : Started MoovsmartApplication in 5.434 seconds (JVM running for 6.994)
2020-01-30 12:10:43.823  INFO 20288 --- [main] c.p.moovsmart.MoovsmartApplication       : Starting MoovsmartApplication on DESKTOP-3LHL7G4 with PID 20288 (C:\Users\zolta\IdeaProjects\mainProject\angular-moovsmart\target\classes started by zolta in C:\Users\zolta\IdeaProjects\mainProject\angular-moovsmart)
2020-01-30 12:10:43.827 DEBUG 20288 --- [main] c.p.moovsmart.MoovsmartApplication       : Running with Spring Boot v2.2.2.RELEASE, Spring v5.2.2.RELEASE
2020-01-30 12:10:43.827  INFO 20288 --- [main] c.p.moovsmart.MoovsmartApplication       : No active profile set, falling back to default profiles: default
2020-01-30 12:10:44.926  INFO 20288 --- [main] .s.d.r.c.RepositoryConfigurationDelegate : Bootstrapping Spring Data JPA repositories in DEFAULT mode.
2020-01-30 12:10:45.036  INFO 20288 --- [main] .s.d.r.c.RepositoryConfigurationDelegate : Finished Spring Data repository scanning in 100ms. Found 3 JPA repository interfaces.
2020-01-30 12:10:45.401  INFO 20288 --- [main] trationDelegate$BeanPostProcessorChecker : Bean 'org.springframework.transaction.annotation.ProxyTransactionManagementConfiguration' of type [org.springframework.transaction.annotation.ProxyTransactionManagementConfiguration] is not eligible for getting processed by all BeanPostProcessors (for example: not eligible for auto-proxying)
2020-01-30 12:10:45.720  INFO 20288 --- [main] o.s.b.w.embedded.tomcat.TomcatWebServer  : Tomcat initialized with port(s): 8080 (http)
2020-01-30 12:10:45.728  INFO 20288 --- [main] o.apache.catalina.core.StandardService   : Starting service [Tomcat]
2020-01-30 12:10:45.730  INFO 20288 --- [main] org.apache.catalina.core.StandardEngine  : Starting Servlet engine: [Apache Tomcat/9.0.29]
2020-01-30 12:10:45.893  INFO 20288 --- [main] o.a.c.c.C.[Tomcat].[localhost].[/]       : Initializing Spring embedded WebApplicationContext
2020-01-30 12:10:45.894  INFO 20288 --- [main] o.s.web.context.ContextLoader            : Root WebApplicationContext: initialization completed in 1939 ms
2020-01-30 12:10:46.387  INFO 20288 --- [main] com.zaxxer.hikari.HikariDataSource       : HikariPool-1 - Starting...
2020-01-30 12:10:46.785  INFO 20288 --- [main] com.zaxxer.hikari.HikariDataSource       : HikariPool-1 - Start completed.
2020-01-30 12:10:47.486  INFO 20288 --- [main] j.LocalContainerEntityManagerFactoryBean : Initialized JPA EntityManagerFactory for persistence unit 'default'
2020-01-30 12:10:47.562  WARN 20288 --- [main] JpaBaseConfiguration$JpaWebConfiguration : spring.jpa.open-in-view is enabled by default. Therefore, database queries may be performed during view rendering. Explicitly configure spring.jpa.open-in-view to disable this warning
2020-01-30 12:10:48.102 DEBUG 20288 --- [main] edFilterInvocationSecurityMetadataSource : Adding web access control expression 'hasRole('ROLE_ADMIN')', for Ant [pattern='/api/properties/admin']
2020-01-30 12:10:48.106 DEBUG 20288 --- [main] edFilterInvocationSecurityMetadataSource : Adding web access control expression 'hasRole('ROLE_ADMIN')', for Ant [pattern='/api/properties/admin/**']
2020-01-30 12:10:48.107 DEBUG 20288 --- [main] edFilterInvocationSecurityMetadataSource : Adding web access control expression 'hasAnyRole('ROLE_USER','ROLE_ADMIN')', for Ant [pattern='/api/properties/authUser']
2020-01-30 12:10:48.107 DEBUG 20288 --- [main] edFilterInvocationSecurityMetadataSource : Adding web access control expression 'hasAnyRole('ROLE_USER','ROLE_ADMIN')', for Ant [pattern='/api/properties/authUser/**']
2020-01-30 12:10:48.107 DEBUG 20288 --- [main] edFilterInvocationSecurityMetadataSource : Adding web access control expression 'permitAll', for Ant [pattern='/**']
2020-01-30 12:10:48.108 DEBUG 20288 --- [main] edFilterInvocationSecurityMetadataSource : Adding web access control expression 'authenticated', for any request
2020-01-30 12:10:48.108 DEBUG 20288 --- [main] o.s.s.w.a.i.FilterSecurityInterceptor    : Validated configuration attributes
2020-01-30 12:10:48.108 DEBUG 20288 --- [main] o.s.s.w.a.i.FilterSecurityInterceptor    : Validated configuration attributes
2020-01-30 12:10:48.113  INFO 20288 --- [main] o.s.s.web.DefaultSecurityFilterChain     : Creating filter chain: any request, [org.springframework.security.web.context.request.async.WebAsyncManagerIntegrationFilter@7957aa57, org.springframework.security.web.context.SecurityContextPersistenceFilter@89465d9, org.springframework.security.web.header.HeaderWriterFilter@5300694d, org.springframework.web.filter.CorsFilter@7b92ea9d, org.springframework.security.web.authentication.logout.LogoutFilter@3c7db0e8, org.springframework.security.web.authentication.www.BasicAuthenticationFilter@4d71ec5b, org.springframework.security.web.savedrequest.RequestCacheAwareFilter@6f7241c2, org.springframework.security.web.servletapi.SecurityContextHolderAwareRequestFilter@7771c4e, org.springframework.security.web.authentication.AnonymousAuthenticationFilter@6b3bc1f6, org.springframework.security.web.session.SessionManagementFilter@406808eb, org.springframework.security.web.access.ExceptionTranslationFilter@46c2189e, org.springframework.security.web.access.intercept.FilterSecurityInterceptor@14bd523b]
2020-01-30 12:10:48.211  INFO 20288 --- [main] o.s.s.concurrent.ThreadPoolTaskExecutor  : Initializing ExecutorService 'applicationTaskExecutor'
2020-01-30 12:10:48.268  INFO 20288 --- [main] o.s.b.a.w.s.WelcomePageHandlerMapping    : Adding welcome page: class path resource [META-INF/resources/index.html]
2020-01-30 12:10:48.331  INFO 20288 --- [main] o.s.s.c.ThreadPoolTaskScheduler          : Initializing ExecutorService 'taskScheduler'
2020-01-30 12:10:48.397  INFO 20288 --- [main] o.s.b.w.embedded.tomcat.TomcatWebServer  : Tomcat started on port(s): 8080 (http) with context path ''
2020-01-30 12:10:48.400  INFO 20288 --- [main] c.p.moovsmart.MoovsmartApplication       : Started MoovsmartApplication in 5.327 seconds (JVM running for 6.525)
