2020-01-30 12:08:00.611  INFO 19744 --- [main] c.p.moovsmart.MoovsmartApplication       : Starting MoovsmartApplication on DESKTOP-3LHL7G4 with PID 19744 (C:\Users\zolta\IdeaProjects\mainProject\angular-moovsmart\target\classes started by zolta in C:\Users\zolta\IdeaProjects\mainProject\angular-moovsmart)
2020-01-30 12:08:00.619 DEBUG 19744 --- [main] c.p.moovsmart.MoovsmartApplication       : Running with Spring Boot v2.2.2.RELEASE, Spring v5.2.2.RELEASE
2020-01-30 12:08:00.619  INFO 19744 --- [main] c.p.moovsmart.MoovsmartApplication       : No active profile set, falling back to default profiles: default
2020-01-30 12:08:01.862  INFO 19744 --- [main] .s.d.r.c.RepositoryConfigurationDelegate : Bootstrapping Spring Data JPA repositories in DEFAULT mode.
2020-01-30 12:08:01.955  INFO 19744 --- [main] .s.d.r.c.RepositoryConfigurationDelegate : Finished Spring Data repository scanning in 83ms. Found 3 JPA repository interfaces.
2020-01-30 12:08:02.353  INFO 19744 --- [main] trationDelegate$BeanPostProcessorChecker : Bean 'org.springframework.transaction.annotation.ProxyTransactionManagementConfiguration' of type [org.springframework.transaction.annotation.ProxyTransactionManagementConfiguration] is not eligible for getting processed by all BeanPostProcessors (for example: not eligible for auto-proxying)
2020-01-30 12:08:02.691  INFO 19744 --- [main] o.s.b.w.embedded.tomcat.TomcatWebServer  : Tomcat initialized with port(s): 8080 (http)
2020-01-30 12:08:02.701  INFO 19744 --- [main] o.apache.catalina.core.StandardService   : Starting service [Tomcat]
2020-01-30 12:08:02.702  INFO 19744 --- [main] org.apache.catalina.core.StandardEngine  : Starting Servlet engine: [Apache Tomcat/9.0.29]
2020-01-30 12:08:02.842  INFO 19744 --- [main] o.a.c.c.C.[Tomcat].[localhost].[/]       : Initializing Spring embedded WebApplicationContext
2020-01-30 12:08:02.843  INFO 19744 --- [main] o.s.web.context.ContextLoader            : Root WebApplicationContext: initialization completed in 2142 ms
2020-01-30 12:08:03.367  INFO 19744 --- [main] com.zaxxer.hikari.HikariDataSource       : HikariPool-1 - Starting...
2020-01-30 12:08:03.784  INFO 19744 --- [main] com.zaxxer.hikari.HikariDataSource       : HikariPool-1 - Start completed.
2020-01-30 12:08:04.646  INFO 19744 --- [main] j.LocalContainerEntityManagerFactoryBean : Initialized JPA EntityManagerFactory for persistence unit 'default'
2020-01-30 12:08:04.700  WARN 19744 --- [main] JpaBaseConfiguration$JpaWebConfiguration : spring.jpa.open-in-view is enabled by default. Therefore, database queries may be performed during view rendering. Explicitly configure spring.jpa.open-in-view to disable this warning
2020-01-30 12:08:05.244 DEBUG 19744 --- [main] edFilterInvocationSecurityMetadataSource : Adding web access control expression 'hasRole('ROLE_ADMIN')', for Ant [pattern='/api/properties/admin']
2020-01-30 12:08:05.250 DEBUG 19744 --- [main] edFilterInvocationSecurityMetadataSource : Adding web access control expression 'hasRole('ROLE_ADMIN')', for Ant [pattern='/api/properties/admin/**']
2020-01-30 12:08:05.251 DEBUG 19744 --- [main] edFilterInvocationSecurityMetadataSource : Adding web access control expression 'hasAnyRole('ROLE_USER','ROLE_ADMIN')', for Ant [pattern='/api/properties/authUser']
2020-01-30 12:08:05.251 DEBUG 19744 --- [main] edFilterInvocationSecurityMetadataSource : Adding web access control expression 'hasAnyRole('ROLE_USER','ROLE_ADMIN')', for Ant [pattern='/api/properties/authUser/**']
2020-01-30 12:08:05.251 DEBUG 19744 --- [main] edFilterInvocationSecurityMetadataSource : Adding web access control expression 'permitAll', for Ant [pattern='/**']
2020-01-30 12:08:05.252 DEBUG 19744 --- [main] edFilterInvocationSecurityMetadataSource : Adding web access control expression 'authenticated', for any request
2020-01-30 12:08:05.252 DEBUG 19744 --- [main] o.s.s.w.a.i.FilterSecurityInterceptor    : Validated configuration attributes
2020-01-30 12:08:05.252 DEBUG 19744 --- [main] o.s.s.w.a.i.FilterSecurityInterceptor    : Validated configuration attributes
2020-01-30 12:08:05.257  INFO 19744 --- [main] o.s.s.web.DefaultSecurityFilterChain     : Creating filter chain: any request, [org.springframework.security.web.context.request.async.WebAsyncManagerIntegrationFilter@2db6ba81, org.springframework.security.web.context.SecurityContextPersistenceFilter@44e3f3e5, org.springframework.security.web.header.HeaderWriterFilter@52fec840, org.springframework.web.filter.CorsFilter@10728fe8, org.springframework.security.web.authentication.logout.LogoutFilter@62f305bc, org.springframework.security.web.authentication.www.BasicAuthenticationFilter@1055d261, org.springframework.security.web.savedrequest.RequestCacheAwareFilter@69ed96e1, org.springframework.security.web.servletapi.SecurityContextHolderAwareRequestFilter@67d8613, org.springframework.security.web.authentication.AnonymousAuthenticationFilter@16fb9fdd, org.springframework.security.web.session.SessionManagementFilter@703e5614, org.springframework.security.web.access.ExceptionTranslationFilter@1d3e5a05, org.springframework.security.web.access.intercept.FilterSecurityInterceptor@65bb4cb9]
2020-01-30 12:08:05.359  INFO 19744 --- [main] o.s.s.concurrent.ThreadPoolTaskExecutor  : Initializing ExecutorService 'applicationTaskExecutor'
2020-01-30 12:08:05.422  INFO 19744 --- [main] o.s.b.a.w.s.WelcomePageHandlerMapping    : Adding welcome page: class path resource [META-INF/resources/index.html]
2020-01-30 12:08:05.485  INFO 19744 --- [main] o.s.s.c.ThreadPoolTaskScheduler          : Initializing ExecutorService 'taskScheduler'
2020-01-30 12:08:05.549  INFO 19744 --- [main] o.s.b.w.embedded.tomcat.TomcatWebServer  : Tomcat started on port(s): 8080 (http) with context path ''
2020-01-30 12:08:05.549  INFO 19744 --- [main] c.p.moovsmart.MoovsmartApplication       : Started MoovsmartApplication in 5.631 seconds (JVM running for 7.093)
